<?xml version="1.0" encoding="UTF-8"?>
<!-- Generated by org.testng.reporters.JUnitReportReporter -->
<testsuite hostname="MTL462" failures="0" tests="1" name="LoginPage.LoginTest" time="0.009" errors="0" timestamp="2023-03-02T15:55:47 IST" skipped="0">
  <testcase classname="LoginPage.LoginTest" name="login" time="0.009"/>
  <system-out/>
</testsuite> <!-- LoginPage.LoginTest -->
