<?xml version="1.0" encoding="UTF-8"?>
<!-- Generated by org.testng.reporters.JUnitReportReporter -->
<testsuite hostname="MTL462" failures="0" tests="1" name="Login.LoginTest" time="11.047" errors="0" timestamp="2023-05-03T10:26:08 IST" skipped="0">
  <testcase classname="Login.LoginTest" name="Test" time="11.047"/>
  <system-out/>
</testsuite> <!-- Login.LoginTest -->
