<?xml version="1.0" encoding="UTF-8"?>
<!-- Generated by org.testng.reporters.JUnitReportReporter -->
<testsuite hostname="MTL462" failures="0" tests="1" name="DocumentsPage.DocumentsPageTest" time="44.654" errors="0" timestamp="2023-11-06T14:28:15 IST" skipped="0">
  <testcase classname="DocumentsPage.DocumentsPageTest" name="VerifyLeftPane" time="44.654"/>
  <system-out/>
</testsuite> <!-- DocumentsPage.DocumentsPageTest -->
