<?xml version="1.0" encoding="UTF-8"?>
<!-- Generated by org.testng.reporters.JUnitReportReporter -->
<testsuite hostname="MTL462" failures="0" tests="1" name="HomePage.HomePageTest" time="54.476" errors="0" timestamp="2023-10-17T17:33:35 IST" skipped="0">
  <testcase classname="HomePage.HomePageTest" name="verifyHomePageDDOptions" time="54.476"/>
  <system-out/>
</testsuite> <!-- HomePage.HomePageTest -->
