<?xml version="1.0" encoding="UTF-8"?>
<!-- Generated by org.testng.reporters.JUnitReportReporter -->
<testsuite hostname="MTL462" failures="0" tests="1" name="LoginPage.EndToEndTests_login" time="24.079" errors="0" timestamp="2023-03-02T10:39:57 IST" skipped="0">
  <testcase classname="LoginPage.EndToEndTests_login" name="Casepoint_Login" time="24.079"/>
  <system-out/>
</testsuite> <!-- LoginPage.EndToEndTests_login -->
